<?xml version="1.0" encoding="UTF-8"?>
<!-- Generated by org.testng.reporters.JUnitReportReporter -->
<testsuite hostname="LAPTOP-OUVKAH54" failures="0" tests="1" name="testngproj.testngproj.NewTest" time="17.345" errors="0" timestamp="05 Mar 2024 17:39:59 GMT" skipped="0">
  <testcase classname="testngproj.testngproj.NewTest" name="f" time="17.345"/>
</testsuite> <!-- testngproj.testngproj.NewTest -->
